[2025-07-06T10:07:44.673+0000] {taskinstance.py:1103} INFO - Dependencies all met for dep_context=non-requeueable deps ti=<TaskInstance: customer_activity_analysis.transform_data manual__2025-07-06T10:07:36.603801+00:00 [queued]>
[2025-07-06T10:07:44.679+0000] {taskinstance.py:1103} INFO - Dependencies all met for dep_context=requeueable deps ti=<TaskInstance: customer_activity_analysis.transform_data manual__2025-07-06T10:07:36.603801+00:00 [queued]>
[2025-07-06T10:07:44.679+0000] {taskinstance.py:1308} INFO - Starting attempt 1 of 2
[2025-07-06T10:07:44.692+0000] {taskinstance.py:1327} INFO - Executing <Task(PythonOperator): transform_data> on 2025-07-06 10:07:36.603801+00:00
[2025-07-06T10:07:44.700+0000] {standard_task_runner.py:57} INFO - Started process 384 to run task
[2025-07-06T10:07:44.703+0000] {standard_task_runner.py:84} INFO - Running: ['***', 'tasks', 'run', 'customer_activity_analysis', 'transform_data', 'manual__2025-07-06T10:07:36.603801+00:00', '--job-id', '6', '--raw', '--subdir', 'DAGS_FOLDER/customer_activity_dag.py', '--cfg-path', '/tmp/tmpbl5l6pgk']
[2025-07-06T10:07:44.705+0000] {standard_task_runner.py:85} INFO - Job 6: Subtask transform_data
[2025-07-06T10:07:44.717+0000] {logging_mixin.py:150} WARNING - /home/***/.local/lib/python3.7/site-packages/***/settings.py:195 DeprecationWarning: The sql_alchemy_conn option in [core] has been moved to the sql_alchemy_conn option in [database] - the old setting has been used, but please update your config.
[2025-07-06T10:07:44.746+0000] {task_command.py:410} INFO - Running <TaskInstance: customer_activity_analysis.transform_data manual__2025-07-06T10:07:36.603801+00:00 [running]> on host 815e07275dfd
[2025-07-06T10:07:44.813+0000] {taskinstance.py:1547} INFO - Exporting env vars: AIRFLOW_CTX_DAG_OWNER='***' AIRFLOW_CTX_DAG_ID='customer_activity_analysis' AIRFLOW_CTX_TASK_ID='transform_data' AIRFLOW_CTX_EXECUTION_DATE='2025-07-06T10:07:36.603801+00:00' AIRFLOW_CTX_TRY_NUMBER='1' AIRFLOW_CTX_DAG_RUN_ID='manual__2025-07-06T10:07:36.603801+00:00'
[2025-07-06T10:07:44.814+0000] {taskinstance.py:1824} ERROR - Task failed with exception
Traceback (most recent call last):
  File "/home/airflow/.local/lib/python3.7/site-packages/airflow/operators/python.py", line 181, in execute
    return_value = self.execute_callable()
  File "/home/airflow/.local/lib/python3.7/site-packages/airflow/operators/python.py", line 198, in execute_callable
    return self.python_callable(*self.op_args, **self.op_kwargs)
TypeError: transform() missing 2 required positional arguments: 'profit_table' and 'date'
[2025-07-06T10:07:44.821+0000] {taskinstance.py:1350} INFO - Marking task as UP_FOR_RETRY. dag_id=customer_activity_analysis, task_id=transform_data, execution_date=20250706T100736, start_date=20250706T100744, end_date=20250706T100744
[2025-07-06T10:07:44.830+0000] {standard_task_runner.py:109} ERROR - Failed to execute job 6 for task transform_data (transform() missing 2 required positional arguments: 'profit_table' and 'date'; 384)
[2025-07-06T10:07:44.875+0000] {local_task_job_runner.py:225} INFO - Task exited with return code 1
[2025-07-06T10:07:44.897+0000] {taskinstance.py:2653} INFO - 0 downstream tasks scheduled from follow-on schedule check
