[2025-07-06T12:00:00.886+0000] {logging_mixin.py:150} WARNING - /home/***/.local/lib/python3.7/site-packages/***/utils/sqlalchemy.py:124 DeprecationWarning: The sql_alchemy_conn option in [core] has been moved to the sql_alchemy_conn option in [database] - the old setting has been used, but please update your config.
[2025-07-06T12:00:00.894+0000] {taskinstance.py:1103} INFO - Dependencies all met for dep_context=non-requeueable deps ti=<TaskInstance: hello_world.hello_task scheduled__2025-07-05T12:00:00+00:00 [queued]>
[2025-07-06T12:00:00.900+0000] {taskinstance.py:1103} INFO - Dependencies all met for dep_context=requeueable deps ti=<TaskInstance: hello_world.hello_task scheduled__2025-07-05T12:00:00+00:00 [queued]>
[2025-07-06T12:00:00.900+0000] {taskinstance.py:1308} INFO - Starting attempt 1 of 1
[2025-07-06T12:00:00.911+0000] {taskinstance.py:1327} INFO - Executing <Task(BashOperator): hello_task> on 2025-07-05 12:00:00+00:00
[2025-07-06T12:00:00.919+0000] {standard_task_runner.py:57} INFO - Started process 801 to run task
[2025-07-06T12:00:00.922+0000] {standard_task_runner.py:84} INFO - Running: ['***', 'tasks', 'run', 'hello_world', 'hello_task', 'scheduled__2025-07-05T12:00:00+00:00', '--job-id', '26', '--raw', '--subdir', 'DAGS_FOLDER/test_dag.py', '--cfg-path', '/tmp/tmpbnrpwuhh']
[2025-07-06T12:00:00.923+0000] {standard_task_runner.py:85} INFO - Job 26: Subtask hello_task
[2025-07-06T12:00:00.936+0000] {logging_mixin.py:150} WARNING - /home/***/.local/lib/python3.7/site-packages/***/settings.py:195 DeprecationWarning: The sql_alchemy_conn option in [core] has been moved to the sql_alchemy_conn option in [database] - the old setting has been used, but please update your config.
[2025-07-06T12:00:00.963+0000] {task_command.py:410} INFO - Running <TaskInstance: hello_world.hello_task scheduled__2025-07-05T12:00:00+00:00 [running]> on host 9fd4b2100495
[2025-07-06T12:00:00.972+0000] {logging_mixin.py:150} WARNING - /home/***/.local/lib/python3.7/site-packages/***/utils/sqlalchemy.py:124 DeprecationWarning: The sql_alchemy_conn option in [core] has been moved to the sql_alchemy_conn option in [database] - the old setting has been used, but please update your config.
[2025-07-06T12:00:01.024+0000] {taskinstance.py:1547} INFO - Exporting env vars: AIRFLOW_CTX_DAG_EMAIL='alex@alex.ru' AIRFLOW_CTX_DAG_OWNER='Daniil' AIRFLOW_CTX_DAG_ID='hello_world' AIRFLOW_CTX_TASK_ID='hello_task' AIRFLOW_CTX_EXECUTION_DATE='2025-07-05T12:00:00+00:00' AIRFLOW_CTX_TRY_NUMBER='1' AIRFLOW_CTX_DAG_RUN_ID='scheduled__2025-07-05T12:00:00+00:00'
[2025-07-06T12:00:01.025+0000] {subprocess.py:63} INFO - Tmp dir root location: /tmp
[2025-07-06T12:00:01.025+0000] {subprocess.py:75} INFO - Running command: ['/bin/bash', '-c', 'echo "Hello from Airflow inside container"']
[2025-07-06T12:00:01.043+0000] {subprocess.py:86} INFO - Output:
[2025-07-06T12:00:01.045+0000] {subprocess.py:93} INFO - Hello from Airflow inside container
[2025-07-06T12:00:01.045+0000] {subprocess.py:97} INFO - Command exited with return code 0
[2025-07-06T12:00:01.066+0000] {taskinstance.py:1350} INFO - Marking task as SUCCESS. dag_id=hello_world, task_id=hello_task, execution_date=20250705T120000, start_date=20250706T120000, end_date=20250706T120001
[2025-07-06T12:00:01.093+0000] {local_task_job_runner.py:225} INFO - Task exited with return code 0
[2025-07-06T12:00:01.116+0000] {taskinstance.py:2653} INFO - 1 downstream tasks scheduled from follow-on schedule check
