[2025-07-06T18:57:11.152+0000] {taskinstance.py:1103} INFO - Dependencies all met for dep_context=non-requeueable deps ti=<TaskInstance: customer_activity_analysis.transform_data manual__2025-07-06T18:52:06.273895+00:00 [queued]>
[2025-07-06T18:57:11.158+0000] {taskinstance.py:1103} INFO - Dependencies all met for dep_context=requeueable deps ti=<TaskInstance: customer_activity_analysis.transform_data manual__2025-07-06T18:52:06.273895+00:00 [queued]>
[2025-07-06T18:57:11.158+0000] {taskinstance.py:1308} INFO - Starting attempt 2 of 2
[2025-07-06T18:57:11.170+0000] {taskinstance.py:1327} INFO - Executing <Task(PythonOperator): transform_data> on 2025-07-06 18:52:06.273895+00:00
[2025-07-06T18:57:11.179+0000] {standard_task_runner.py:57} INFO - Started process 577 to run task
[2025-07-06T18:57:11.182+0000] {standard_task_runner.py:84} INFO - Running: ['***', 'tasks', 'run', 'customer_activity_analysis', 'transform_data', 'manual__2025-07-06T18:52:06.273895+00:00', '--job-id', '68', '--raw', '--subdir', 'DAGS_FOLDER/customer_activity_dag.py', '--cfg-path', '/tmp/tmpuxs6_ru9']
[2025-07-06T18:57:11.183+0000] {standard_task_runner.py:85} INFO - Job 68: Subtask transform_data
[2025-07-06T18:57:11.197+0000] {logging_mixin.py:150} WARNING - /home/***/.local/lib/python3.7/site-packages/***/settings.py:195 DeprecationWarning: The sql_alchemy_conn option in [core] has been moved to the sql_alchemy_conn option in [database] - the old setting has been used, but please update your config.
[2025-07-06T18:57:11.226+0000] {task_command.py:410} INFO - Running <TaskInstance: customer_activity_analysis.transform_data manual__2025-07-06T18:52:06.273895+00:00 [running]> on host 636fb1e40b9e
[2025-07-06T18:57:11.293+0000] {taskinstance.py:1547} INFO - Exporting env vars: AIRFLOW_CTX_DAG_EMAIL='ds_const@mail.ru' AIRFLOW_CTX_DAG_OWNER='Daniil' AIRFLOW_CTX_DAG_ID='customer_activity_analysis' AIRFLOW_CTX_TASK_ID='transform_data' AIRFLOW_CTX_EXECUTION_DATE='2025-07-06T18:52:06.273895+00:00' AIRFLOW_CTX_TRY_NUMBER='2' AIRFLOW_CTX_DAG_RUN_ID='manual__2025-07-06T18:52:06.273895+00:00'
[2025-07-06T18:57:11.302+0000] {logging_mixin.py:150} INFO - !!!!!!!!!!!!!!!!!!!!!!!!!!!!!!!!!!!!!!!/opt/***/shared_tmp/extract_manual__2025-07-06T18:52:06.273895+00:00.parquet
[2025-07-06T18:57:11.489+0000] {logging_mixin.py:150} INFO - Received date type: <class 'str'>, value: 2025-07-06
[2025-07-06T18:57:11.490+0000] {logging_mixin.py:150} INFO - Ошибка в transform_data: argument of type 'method' is not iterable
[2025-07-06T18:57:11.491+0000] {taskinstance.py:1824} ERROR - Task failed with exception
Traceback (most recent call last):
  File "/home/airflow/.local/lib/python3.7/site-packages/airflow/operators/python.py", line 181, in execute
    return_value = self.execute_callable()
  File "/home/airflow/.local/lib/python3.7/site-packages/airflow/operators/python.py", line 198, in execute_callable
    return self.python_callable(*self.op_args, **self.op_kwargs)
  File "/opt/airflow/dags/customer_activity_dag.py", line 114, in transform_data
    result = transform(df, kwargs['logical_date'].strftime('%Y-%m-%d'))
  File "/opt/airflow/dags/customer_activity_dag.py", line 38, in transform
    df = pd.read_csv(profit_table)
  File "/home/airflow/.local/lib/python3.7/site-packages/pandas/util/_decorators.py", line 311, in wrapper
    return func(*args, **kwargs)
  File "/home/airflow/.local/lib/python3.7/site-packages/pandas/io/parsers/readers.py", line 586, in read_csv
    return _read(filepath_or_buffer, kwds)
  File "/home/airflow/.local/lib/python3.7/site-packages/pandas/io/parsers/readers.py", line 482, in _read
    parser = TextFileReader(filepath_or_buffer, **kwds)
  File "/home/airflow/.local/lib/python3.7/site-packages/pandas/io/parsers/readers.py", line 811, in __init__
    self._engine = self._make_engine(self.engine)
  File "/home/airflow/.local/lib/python3.7/site-packages/pandas/io/parsers/readers.py", line 1040, in _make_engine
    return mapping[engine](self.f, **self.options)  # type: ignore[call-arg]
  File "/home/airflow/.local/lib/python3.7/site-packages/pandas/io/parsers/c_parser_wrapper.py", line 51, in __init__
    self._open_handles(src, kwds)
  File "/home/airflow/.local/lib/python3.7/site-packages/pandas/io/parsers/base_parser.py", line 229, in _open_handles
    errors=kwds.get("encoding_errors", "strict"),
  File "/home/airflow/.local/lib/python3.7/site-packages/pandas/io/common.py", line 585, in get_handle
    if _is_binary_mode(path_or_buf, mode) and "b" not in mode:
  File "/home/airflow/.local/lib/python3.7/site-packages/pandas/io/common.py", line 962, in _is_binary_mode
    return isinstance(handle, binary_classes) or "b" in getattr(handle, "mode", mode)
TypeError: argument of type 'method' is not iterable
[2025-07-06T18:57:11.498+0000] {taskinstance.py:1350} INFO - Marking task as FAILED. dag_id=customer_activity_analysis, task_id=transform_data, execution_date=20250706T185206, start_date=20250706T185711, end_date=20250706T185711
[2025-07-06T18:57:11.508+0000] {standard_task_runner.py:109} ERROR - Failed to execute job 68 for task transform_data (argument of type 'method' is not iterable; 577)
[2025-07-06T18:57:11.595+0000] {local_task_job_runner.py:225} INFO - Task exited with return code 1
[2025-07-06T18:57:11.621+0000] {taskinstance.py:2653} INFO - 0 downstream tasks scheduled from follow-on schedule check
