[2025-07-06T18:56:14.381+0000] {taskinstance.py:1103} INFO - Dependencies all met for dep_context=non-requeueable deps ti=<TaskInstance: customer_activity_analysis.transform_data manual__2025-07-06T18:51:09.267186+00:00 [queued]>
[2025-07-06T18:56:14.387+0000] {taskinstance.py:1103} INFO - Dependencies all met for dep_context=requeueable deps ti=<TaskInstance: customer_activity_analysis.transform_data manual__2025-07-06T18:51:09.267186+00:00 [queued]>
[2025-07-06T18:56:14.387+0000] {taskinstance.py:1308} INFO - Starting attempt 2 of 2
[2025-07-06T18:56:14.400+0000] {taskinstance.py:1327} INFO - Executing <Task(PythonOperator): transform_data> on 2025-07-06 18:51:09.267186+00:00
[2025-07-06T18:56:14.408+0000] {standard_task_runner.py:57} INFO - Started process 501 to run task
[2025-07-06T18:56:14.411+0000] {standard_task_runner.py:84} INFO - Running: ['***', 'tasks', 'run', 'customer_activity_analysis', 'transform_data', 'manual__2025-07-06T18:51:09.267186+00:00', '--job-id', '65', '--raw', '--subdir', 'DAGS_FOLDER/customer_activity_dag.py', '--cfg-path', '/tmp/tmpj2subxz3']
[2025-07-06T18:56:14.412+0000] {standard_task_runner.py:85} INFO - Job 65: Subtask transform_data
[2025-07-06T18:56:14.426+0000] {logging_mixin.py:150} WARNING - /home/***/.local/lib/python3.7/site-packages/***/settings.py:195 DeprecationWarning: The sql_alchemy_conn option in [core] has been moved to the sql_alchemy_conn option in [database] - the old setting has been used, but please update your config.
[2025-07-06T18:56:14.454+0000] {task_command.py:410} INFO - Running <TaskInstance: customer_activity_analysis.transform_data manual__2025-07-06T18:51:09.267186+00:00 [running]> on host 636fb1e40b9e
[2025-07-06T18:56:14.522+0000] {taskinstance.py:1547} INFO - Exporting env vars: AIRFLOW_CTX_DAG_EMAIL='ds_const@mail.ru' AIRFLOW_CTX_DAG_OWNER='Daniil' AIRFLOW_CTX_DAG_ID='customer_activity_analysis' AIRFLOW_CTX_TASK_ID='transform_data' AIRFLOW_CTX_EXECUTION_DATE='2025-07-06T18:51:09.267186+00:00' AIRFLOW_CTX_TRY_NUMBER='2' AIRFLOW_CTX_DAG_RUN_ID='manual__2025-07-06T18:51:09.267186+00:00'
[2025-07-06T18:56:14.532+0000] {logging_mixin.py:150} INFO - !!!!!!!!!!!!!!!!!!!!!!!!!!!!!!!!!!!!!!!/opt/***/shared_tmp/extract_manual__2025-07-06T18:51:09.267186+00:00.parquet
[2025-07-06T18:56:14.725+0000] {logging_mixin.py:150} INFO - Received date type: <class 'str'>, value: 2025-07-06
[2025-07-06T18:56:14.727+0000] {logging_mixin.py:150} INFO - Ошибка в transform_data: local variable 'df_tmp' referenced before assignment
[2025-07-06T18:56:14.728+0000] {taskinstance.py:1824} ERROR - Task failed with exception
Traceback (most recent call last):
  File "/home/airflow/.local/lib/python3.7/site-packages/airflow/operators/python.py", line 181, in execute
    return_value = self.execute_callable()
  File "/home/airflow/.local/lib/python3.7/site-packages/airflow/operators/python.py", line 198, in execute_callable
    return self.python_callable(*self.op_args, **self.op_kwargs)
  File "/opt/airflow/dags/customer_activity_dag.py", line 112, in transform_data
    result = transform(df, kwargs['logical_date'].strftime('%Y-%m-%d'))
  File "/opt/airflow/dags/customer_activity_dag.py", line 47, in transform
    df_tmp.to_csv(debug_path, index=False)
UnboundLocalError: local variable 'df_tmp' referenced before assignment
[2025-07-06T18:56:14.737+0000] {taskinstance.py:1350} INFO - Marking task as FAILED. dag_id=customer_activity_analysis, task_id=transform_data, execution_date=20250706T185109, start_date=20250706T185614, end_date=20250706T185614
[2025-07-06T18:56:14.750+0000] {standard_task_runner.py:109} ERROR - Failed to execute job 65 for task transform_data (local variable 'df_tmp' referenced before assignment; 501)
[2025-07-06T18:56:14.823+0000] {local_task_job_runner.py:225} INFO - Task exited with return code 1
[2025-07-06T18:56:14.851+0000] {taskinstance.py:2653} INFO - 0 downstream tasks scheduled from follow-on schedule check
