[2025-07-07T19:41:43.257+0000] {taskinstance.py:1103} INFO - Dependencies all met for dep_context=non-requeueable deps ti=<TaskInstance: customer_activity_analysis.load_data manual__2025-07-07T19:41:29.094337+00:00 [queued]>
[2025-07-07T19:41:43.263+0000] {taskinstance.py:1103} INFO - Dependencies all met for dep_context=requeueable deps ti=<TaskInstance: customer_activity_analysis.load_data manual__2025-07-07T19:41:29.094337+00:00 [queued]>
[2025-07-07T19:41:43.263+0000] {taskinstance.py:1308} INFO - Starting attempt 1 of 2
[2025-07-07T19:41:43.277+0000] {taskinstance.py:1327} INFO - Executing <Task(PythonOperator): load_data> on 2025-07-07 19:41:29.094337+00:00
[2025-07-07T19:41:43.285+0000] {standard_task_runner.py:57} INFO - Started process 1442 to run task
[2025-07-07T19:41:43.287+0000] {standard_task_runner.py:84} INFO - Running: ['***', 'tasks', 'run', 'customer_activity_analysis', 'load_data', 'manual__2025-07-07T19:41:29.094337+00:00', '--job-id', '48', '--raw', '--subdir', 'DAGS_FOLDER/customer_activity_dag.py', '--cfg-path', '/tmp/tmpkoltxjh3']
[2025-07-07T19:41:43.289+0000] {standard_task_runner.py:85} INFO - Job 48: Subtask load_data
[2025-07-07T19:41:43.302+0000] {logging_mixin.py:150} WARNING - /home/***/.local/lib/python3.7/site-packages/***/settings.py:195 DeprecationWarning: The sql_alchemy_conn option in [core] has been moved to the sql_alchemy_conn option in [database] - the old setting has been used, but please update your config.
[2025-07-07T19:41:43.326+0000] {task_command.py:410} INFO - Running <TaskInstance: customer_activity_analysis.load_data manual__2025-07-07T19:41:29.094337+00:00 [running]> on host 7a17032e36f4
[2025-07-07T19:41:43.519+0000] {taskinstance.py:1547} INFO - Exporting env vars: AIRFLOW_CTX_DAG_EMAIL='ds_const@mail.ru' AIRFLOW_CTX_DAG_OWNER='Daniil' AIRFLOW_CTX_DAG_ID='customer_activity_analysis' AIRFLOW_CTX_TASK_ID='load_data' AIRFLOW_CTX_EXECUTION_DATE='2025-07-07T19:41:29.094337+00:00' AIRFLOW_CTX_TRY_NUMBER='1' AIRFLOW_CTX_DAG_RUN_ID='manual__2025-07-07T19:41:29.094337+00:00'
[2025-07-07T19:41:43.630+0000] {logging_mixin.py:150} INFO - Error in load_data: "Column 'analysis_date' not found in new data"
[2025-07-07T19:41:43.894+0000] {logging_mixin.py:150} INFO - Saved error data to /opt/***/data/error_20250707_194143.csv
[2025-07-07T19:41:43.894+0000] {logging_mixin.py:150} INFO - Temporary file /opt/***/shared_tmp/transform_manual__2025-07-07T19:41:29.094337+00:00.csv removed
[2025-07-07T19:41:43.895+0000] {taskinstance.py:1824} ERROR - Task failed with exception
Traceback (most recent call last):
  File "/home/airflow/.local/lib/python3.7/site-packages/airflow/operators/python.py", line 181, in execute
    return_value = self.execute_callable()
  File "/home/airflow/.local/lib/python3.7/site-packages/airflow/operators/python.py", line 198, in execute_callable
    return self.python_callable(*self.op_args, **self.op_kwargs)
  File "/opt/airflow/dags/customer_activity_dag.py", line 157, in load_data
    raise KeyError("Column 'analysis_date' not found in new data")
KeyError: "Column 'analysis_date' not found in new data"
[2025-07-07T19:41:43.901+0000] {taskinstance.py:1350} INFO - Marking task as UP_FOR_RETRY. dag_id=customer_activity_analysis, task_id=load_data, execution_date=20250707T194129, start_date=20250707T194143, end_date=20250707T194143
[2025-07-07T19:41:43.912+0000] {standard_task_runner.py:109} ERROR - Failed to execute job 48 for task load_data ("Column 'analysis_date' not found in new data"; 1442)
[2025-07-07T19:41:43.940+0000] {local_task_job_runner.py:225} INFO - Task exited with return code 1
[2025-07-07T19:41:43.956+0000] {taskinstance.py:2653} INFO - 0 downstream tasks scheduled from follow-on schedule check
